<?xml version="1.0" encoding="UTF-8"?><testrun name="EquilateralTriangleTest" project="muk" tests="5" started="5" failures="1" errors="2" ignored="0">
  <testsuite name="test.EquilateralTriangleTest" time="0.0">
    <testcase name="testToStringSquare" classname="test.EquilateralTriangleTest" time="0.0">
      <failure>
        <expected>[Area of EquilateralTriangle 10.825317 ,Perimeter of EquilateralTriangle 15.0]</expected>
        <actual>[Area of EquilateralTriangle 10.825317547305483 ,Perimeter of EquilateralTriangle 15.0]</actual>org.junit.ComparisonFailure: expected:&lt;...alTriangle 10.825317[] ,Perimeter of Equil...&gt; but was:&lt;...alTriangle 10.825317[547305483] ,Perimeter of Equil...&gt;&#13;
	at org.junit.Assert.assertEquals(Assert.java:115)&#13;
	at org.junit.Assert.assertEquals(Assert.java:144)&#13;
	at test.EquilateralTriangleTest.testToStringSquare(EquilateralTriangleTest.java:79)&#13;
	at sun.reflect.NativeMethodAccessorImpl.invoke0(Native Method)&#13;
	at sun.reflect.NativeMethodAccessorImpl.invoke(Unknown Source)&#13;
	at sun.reflect.DelegatingMethodAccessorImpl.invoke(Unknown Source)&#13;
	at java.lang.reflect.Method.invoke(Unknown Source)&#13;
	at org.junit.runners.model.FrameworkMethod$1.runReflectiveCall(FrameworkMethod.java:47)&#13;
	at org.junit.internal.runners.model.ReflectiveCallable.run(ReflectiveCallable.java:12)&#13;
	at org.junit.runners.model.FrameworkMethod.invokeExplosively(FrameworkMethod.java:44)&#13;
	at org.junit.internal.runners.statements.InvokeMethod.evaluate(InvokeMethod.java:17)&#13;
	at org.junit.runners.ParentRunner.runLeaf(ParentRunner.java:271)&#13;
	at org.junit.runners.BlockJUnit4ClassRunner.runChild(BlockJUnit4ClassRunner.java:70)&#13;
	at org.junit.runners.BlockJUnit4ClassRunner.runChild(BlockJUnit4ClassRunner.java:50)&#13;
	at org.junit.runners.ParentRunner$3.run(ParentRunner.java:238)&#13;
	at org.junit.runners.ParentRunner$1.schedule(ParentRunner.java:63)&#13;
	at org.junit.runners.ParentRunner.runChildren(ParentRunner.java:236)&#13;
	at org.junit.runners.ParentRunner.access$000(ParentRunner.java:53)&#13;
	at org.junit.runners.ParentRunner$2.evaluate(ParentRunner.java:229)&#13;
	at org.junit.runners.ParentRunner.run(ParentRunner.java:309)&#13;
	at org.eclipse.jdt.internal.junit4.runner.JUnit4TestReference.run(JUnit4TestReference.java:50)&#13;
	at org.eclipse.jdt.internal.junit.runner.TestExecution.run(TestExecution.java:38)&#13;
	at org.eclipse.jdt.internal.junit.runner.RemoteTestRunner.runTests(RemoteTestRunner.java:459)&#13;
	at org.eclipse.jdt.internal.junit.runner.RemoteTestRunner.runTests(RemoteTestRunner.java:675)&#13;
	at org.eclipse.jdt.internal.junit.runner.RemoteTestRunner.run(RemoteTestRunner.java:382)&#13;
	at org.eclipse.jdt.internal.junit.runner.RemoteTestRunner.main(RemoteTestRunner.java:192)&#13;
&#13;
</failure>
    </testcase>
    <testcase name="testPerimeterOfEquilateralTriangleWhenZero" classname="test.EquilateralTriangleTest" time="0.0"/>
    <testcase name="testAreaOfEquilateralTriangle_InValidArgument" classname="test.EquilateralTriangleTest" time="0.0">
      <error>java.lang.IllegalArgumentException: Negative number is not allowed&#13;
	at regularPolygon.EquilateralTriangle.&lt;init&gt;(EquilateralTriangle.java:16)&#13;
	at test.EquilateralTriangleTest.testAreaOfEquilateralTriangle_InValidArgument(EquilateralTriangleTest.java:36)&#13;
	at sun.reflect.NativeMethodAccessorImpl.invoke0(Native Method)&#13;
	at sun.reflect.NativeMethodAccessorImpl.invoke(Unknown Source)&#13;
	at sun.reflect.DelegatingMethodAccessorImpl.invoke(Unknown Source)&#13;
	at java.lang.reflect.Method.invoke(Unknown Source)&#13;
	at org.junit.runners.model.FrameworkMethod$1.runReflectiveCall(FrameworkMethod.java:47)&#13;
	at org.junit.internal.runners.model.ReflectiveCallable.run(ReflectiveCallable.java:12)&#13;
	at org.junit.runners.model.FrameworkMethod.invokeExplosively(FrameworkMethod.java:44)&#13;
	at org.junit.internal.runners.statements.InvokeMethod.evaluate(InvokeMethod.java:17)&#13;
	at org.junit.runners.ParentRunner.runLeaf(ParentRunner.java:271)&#13;
	at org.junit.runners.BlockJUnit4ClassRunner.runChild(BlockJUnit4ClassRunner.java:70)&#13;
	at org.junit.runners.BlockJUnit4ClassRunner.runChild(BlockJUnit4ClassRunner.java:50)&#13;
	at org.junit.runners.ParentRunner$3.run(ParentRunner.java:238)&#13;
	at org.junit.runners.ParentRunner$1.schedule(ParentRunner.java:63)&#13;
	at org.junit.runners.ParentRunner.runChildren(ParentRunner.java:236)&#13;
	at org.junit.runners.ParentRunner.access$000(ParentRunner.java:53)&#13;
	at org.junit.runners.ParentRunner$2.evaluate(ParentRunner.java:229)&#13;
	at org.junit.runners.ParentRunner.run(ParentRunner.java:309)&#13;
	at org.eclipse.jdt.internal.junit4.runner.JUnit4TestReference.run(JUnit4TestReference.java:50)&#13;
	at org.eclipse.jdt.internal.junit.runner.TestExecution.run(TestExecution.java:38)&#13;
	at org.eclipse.jdt.internal.junit.runner.RemoteTestRunner.runTests(RemoteTestRunner.java:459)&#13;
	at org.eclipse.jdt.internal.junit.runner.RemoteTestRunner.runTests(RemoteTestRunner.java:675)&#13;
	at org.eclipse.jdt.internal.junit.runner.RemoteTestRunner.run(RemoteTestRunner.java:382)&#13;
	at org.eclipse.jdt.internal.junit.runner.RemoteTestRunner.main(RemoteTestRunner.java:192)&#13;
&#13;
</error>
    </testcase>
    <testcase name="testPerimeterOfEquilateralTriangle_InValidArgument" classname="test.EquilateralTriangleTest" time="0.0">
      <error>java.lang.IllegalArgumentException: Negative number is not allowed&#13;
	at regularPolygon.EquilateralTriangle.&lt;init&gt;(EquilateralTriangle.java:16)&#13;
	at test.EquilateralTriangleTest.testPerimeterOfEquilateralTriangle_InValidArgument(EquilateralTriangleTest.java:62)&#13;
	at sun.reflect.NativeMethodAccessorImpl.invoke0(Native Method)&#13;
	at sun.reflect.NativeMethodAccessorImpl.invoke(Unknown Source)&#13;
	at sun.reflect.DelegatingMethodAccessorImpl.invoke(Unknown Source)&#13;
	at java.lang.reflect.Method.invoke(Unknown Source)&#13;
	at org.junit.runners.model.FrameworkMethod$1.runReflectiveCall(FrameworkMethod.java:47)&#13;
	at org.junit.internal.runners.model.ReflectiveCallable.run(ReflectiveCallable.java:12)&#13;
	at org.junit.runners.model.FrameworkMethod.invokeExplosively(FrameworkMethod.java:44)&#13;
	at org.junit.internal.runners.statements.InvokeMethod.evaluate(InvokeMethod.java:17)&#13;
	at org.junit.runners.ParentRunner.runLeaf(ParentRunner.java:271)&#13;
	at org.junit.runners.BlockJUnit4ClassRunner.runChild(BlockJUnit4ClassRunner.java:70)&#13;
	at org.junit.runners.BlockJUnit4ClassRunner.runChild(BlockJUnit4ClassRunner.java:50)&#13;
	at org.junit.runners.ParentRunner$3.run(ParentRunner.java:238)&#13;
	at org.junit.runners.ParentRunner$1.schedule(ParentRunner.java:63)&#13;
	at org.junit.runners.ParentRunner.runChildren(ParentRunner.java:236)&#13;
	at org.junit.runners.ParentRunner.access$000(ParentRunner.java:53)&#13;
	at org.junit.runners.ParentRunner$2.evaluate(ParentRunner.java:229)&#13;
	at org.junit.runners.ParentRunner.run(ParentRunner.java:309)&#13;
	at org.eclipse.jdt.internal.junit4.runner.JUnit4TestReference.run(JUnit4TestReference.java:50)&#13;
	at org.eclipse.jdt.internal.junit.runner.TestExecution.run(TestExecution.java:38)&#13;
	at org.eclipse.jdt.internal.junit.runner.RemoteTestRunner.runTests(RemoteTestRunner.java:459)&#13;
	at org.eclipse.jdt.internal.junit.runner.RemoteTestRunner.runTests(RemoteTestRunner.java:675)&#13;
	at org.eclipse.jdt.internal.junit.runner.RemoteTestRunner.run(RemoteTestRunner.java:382)&#13;
	at org.eclipse.jdt.internal.junit.runner.RemoteTestRunner.main(RemoteTestRunner.java:192)&#13;
&#13;
</error>
    </testcase>
    <testcase name="testAreaOfEquilateralTriangle_ValidArgument" classname="test.EquilateralTriangleTest" time="0.0"/>
  </testsuite>
</testrun>
